<?xml version="1.0" encoding="UTF-8"?>
<!-- Generated by org.testng.reporters.JUnitReportReporter -->
<testsuite hostname="DESKTOP-OQ0PQCA" failures="0" tests="17" name="com.iplStatTest.testcases.SeasonFunctionTest" time="226.230" errors="1" timestamp="2023-05-24T00:44:22 IST" skipped="1">
  <testcase classname="com.iplStatTest.testcases.SeasonFunctionTest" name="TC_SF_008_S16" time="12.976"/>
  <system-out/>
  <testcase classname="com.iplStatTest.testcases.SeasonFunctionTest" name="TC_SF_007_S17" time="13.971"/>
  <system-out/>
  <testcase classname="com.iplStatTest.testcases.SeasonFunctionTest" name="TC_SF_001_S23" time="11.074"/>
  <system-out/>
  <testcase classname="com.iplStatTest.testcases.SeasonFunctionTest" name="TC_SF_011_S13" time="13.905"/>
  <system-out/>
  <testcase classname="com.iplStatTest.testcases.SeasonFunctionTest" name="TC_SF_002_S22" time="12.956"/>
  <system-out/>
  <testcase classname="com.iplStatTest.testcases.SeasonFunctionTest" name="TC_SF_016_S08" time="10.420">
    <skipped/>
  </testcase> <!-- TC_SF_016_S08 -->
  <system-out/>
  <testcase classname="com.iplStatTest.testcases.SeasonFunctionTest" name="TC_SF_010_S14" time="13.617"/>
  <system-out/>
  <testcase classname="com.iplStatTest.testcases.SeasonFunctionTest" name="TC_SF_012_S12" time="33.254"/>
  <system-out/>
  <testcase classname="com.iplStatTest.testcases.SeasonFunctionTest" name="TC_SF_003_S21" time="13.199"/>
  <system-out/>
  <testcase classname="com.iplStatTest.testcases.SeasonFunctionTest" name="TC_SF_015_S09" time="14.571"/>
  <system-out/>
  <testcase classname="com.iplStatTest.testcases.SeasonFunctionTest" name="TC_SF_014_S10" time="14.426"/>
  <system-out/>
  <testcase classname="com.iplStatTest.testcases.SeasonFunctionTest" name="TC_SF_004_S20" time="13.442"/>
  <system-out/>
  <testcase classname="com.iplStatTest.testcases.SeasonFunctionTest" name="TC_SF_006_S18" time="13.977"/>
  <system-out/>
  <testcase classname="com.iplStatTest.testcases.SeasonFunctionTest" name="TC_SF_005_S19" time="14.822"/>
  <system-out/>
  <testcase classname="com.iplStatTest.testcases.SeasonFunctionTest" name="setup" time="12.406">
    <error message="Could not start a new session. Response code 500. Message: session not created
from no such execution context: uniqueContextId not found
  (Session info: chrome=113.0.5672.127) 
Host info: host: &#039;DESKTOP-OQ0PQCA&#039;, ip: &#039;192.168.43.14&#039;
Build info: version: &#039;4.9.1&#039;, revision: &#039;eb2032df7f&#039;
System info: os.name: &#039;Windows 10&#039;, os.arch: &#039;amd64&#039;, os.version: &#039;10.0&#039;, java.version: &#039;16.0.2&#039;
Driver info: org.openqa.selenium.chrome.ChromeDriver
Command: [null, newSession {capabilities=[Capabilities {browserName: chrome, goog:chromeOptions: {args: [--remote-allow-origins=*], extensions: []}}]}]" type="org.openqa.selenium.SessionNotCreatedException">
      <![CDATA[org.openqa.selenium.SessionNotCreatedException: Could not start a new session. Response code 500. Message: session not created
from no such execution context: uniqueContextId not found
  (Session info: chrome=113.0.5672.127) 
Host info: host: 'DESKTOP-OQ0PQCA', ip: '192.168.43.14'
Build info: version: '4.9.1', revision: 'eb2032df7f'
System info: os.name: 'Windows 10', os.arch: 'amd64', os.version: '10.0', java.version: '16.0.2'
Driver info: org.openqa.selenium.chrome.ChromeDriver
Command: [null, newSession {capabilities=[Capabilities {browserName: chrome, goog:chromeOptions: {args: [--remote-allow-origins=*], extensions: []}}]}]
at org.openqa.selenium.remote.ProtocolHandshake.createSession(ProtocolHandshake.java:136)
at org.openqa.selenium.remote.ProtocolHandshake.createSession(ProtocolHandshake.java:94)
at org.openqa.selenium.remote.ProtocolHandshake.createSession(ProtocolHandshake.java:68)
at org.openqa.selenium.remote.HttpCommandExecutor.execute(HttpCommandExecutor.java:165)
at org.openqa.selenium.remote.service.DriverCommandExecutor.invokeExecute(DriverCommandExecutor.java:183)
at org.openqa.selenium.remote.service.DriverCommandExecutor.execute(DriverCommandExecutor.java:158)
at org.openqa.selenium.remote.RemoteWebDriver.execute(RemoteWebDriver.java:543)
at org.openqa.selenium.remote.RemoteWebDriver.startSession(RemoteWebDriver.java:229)
at org.openqa.selenium.remote.RemoteWebDriver.<init>(RemoteWebDriver.java:157)
at org.openqa.selenium.chromium.ChromiumDriver.<init>(ChromiumDriver.java:101)
at org.openqa.selenium.chrome.ChromeDriver.<init>(ChromeDriver.java:88)
at org.openqa.selenium.chrome.ChromeDriver.<init>(ChromeDriver.java:84)
at org.openqa.selenium.chrome.ChromeDriver.<init>(ChromeDriver.java:52)
at com.base.BaseClass.initializeWebDriver(BaseClass.java:37)
at com.iplStatTest.testcases.SeasonFunctionTest.setup(SeasonFunctionTest.java:24)
at java.base/jdk.internal.reflect.NativeMethodAccessorImpl.invoke0(Native Method)
at java.base/jdk.internal.reflect.NativeMethodAccessorImpl.invoke(NativeMethodAccessorImpl.java:78)
at java.base/jdk.internal.reflect.DelegatingMethodAccessorImpl.invoke(DelegatingMethodAccessorImpl.java:43)
at java.base/java.lang.reflect.Method.invoke(Method.java:567)
at org.testng.internal.invokers.MethodInvocationHelper.invokeMethod(MethodInvocationHelper.java:139)
at org.testng.internal.invokers.MethodInvocationHelper.invokeMethodConsideringTimeout(MethodInvocationHelper.java:69)
at org.testng.internal.invokers.ConfigInvoker.invokeConfigurationMethod(ConfigInvoker.java:361)
at org.testng.internal.invokers.ConfigInvoker.invokeConfigurations(ConfigInvoker.java:296)
at org.testng.internal.invokers.TestInvoker.runConfigMethods(TestInvoker.java:816)
at org.testng.internal.invokers.TestInvoker.invokeMethod(TestInvoker.java:590)
at org.testng.internal.invokers.TestInvoker.invokeTestMethod(TestInvoker.java:221)
at org.testng.internal.invokers.MethodRunner.runInSequence(MethodRunner.java:50)
at org.testng.internal.invokers.TestInvoker$MethodInvocationAgent.invoke(TestInvoker.java:962)
at org.testng.internal.invokers.TestInvoker.invokeTestMethods(TestInvoker.java:194)
at org.testng.internal.invokers.TestMethodWorker.invokeTestMethods(TestMethodWorker.java:148)
at org.testng.internal.invokers.TestMethodWorker.run(TestMethodWorker.java:128)
at java.base/java.util.ArrayList.forEach(ArrayList.java:1511)
at org.testng.TestRunner.privateRun(TestRunner.java:806)
at org.testng.TestRunner.run(TestRunner.java:601)
at org.testng.SuiteRunner.runTest(SuiteRunner.java:433)
at org.testng.SuiteRunner.runSequentially(SuiteRunner.java:427)
at org.testng.SuiteRunner.privateRun(SuiteRunner.java:387)
at org.testng.SuiteRunner.run(SuiteRunner.java:330)
at org.testng.SuiteRunnerWorker.runSuite(SuiteRunnerWorker.java:52)
at org.testng.SuiteRunnerWorker.run(SuiteRunnerWorker.java:95)
at org.testng.TestNG.runSuitesSequentially(TestNG.java:1256)
at org.testng.TestNG.runSuitesLocally(TestNG.java:1176)
at org.testng.TestNG.runSuites(TestNG.java:1099)
at org.testng.TestNG.run(TestNG.java:1067)
at org.testng.remote.AbstractRemoteTestNG.run(AbstractRemoteTestNG.java:115)
at org.testng.remote.RemoteTestNG.initAndRun(RemoteTestNG.java:251)
at org.testng.remote.RemoteTestNG.main(RemoteTestNG.java:77)
]]>
    </error>
  </testcase> <!-- setup -->
  <system-out/>
  <testcase classname="com.iplStatTest.testcases.SeasonFunctionTest" name="TC_SF_013_S11" time="3.669"/>
  <system-out/>
  <testcase classname="com.iplStatTest.testcases.SeasonFunctionTest" name="TC_SF_009_S15" time="3.545"/>
  <system-out/>
</testsuite> <!-- com.iplStatTest.testcases.SeasonFunctionTest -->
