<html>
<head>
<title>TestNG:  Test</title>
<link href="../testng.css" rel="stylesheet" type="text/css" />
<link href="../my-testng.css" rel="stylesheet" type="text/css" />

<style type="text/css">
.log { display: none;} 
.stack-trace { display: none;} 
</style>
<script type="text/javascript">
<!--
function flip(e) {
  current = e.style.display;
  if (current == 'block') {
    e.style.display = 'none';
    return 0;
  }
  else {
    e.style.display = 'block';
    return 1;
  }
}

function toggleBox(szDivId, elem, msg1, msg2)
{
  var res = -1;  if (document.getElementById) {
    res = flip(document.getElementById(szDivId));
  }
  else if (document.all) {
    // this is the way old msie versions work
    res = flip(document.all[szDivId]);
  }
  if(elem) {
    if(res == 0) elem.innerHTML = msg1; else elem.innerHTML = msg2;
  }

}

function toggleAllBoxes() {
  if (document.getElementsByTagName) {
    d = document.getElementsByTagName('div');
    for (i = 0; i < d.length; i++) {
      if (d[i].className == 'log') {
        flip(d[i]);
      }
    }
  }
}

// -->
</script>

</head>
<body>
<h2 align='center'>Test</h2><table border='1' align="center">
<tr>
<td>Tests passed/Failed/Skipped:</td><td>41/2/1</td>
</tr><tr>
<td>Started on:</td><td>Wed May 24 00:34:13 IST 2023</td>
</tr>
<tr><td>Total time:</td><td>604 seconds (604138 ms)</td>
</tr><tr>
<td>Included groups:</td><td></td>
</tr><tr>
<td>Excluded groups:</td><td></td>
</tr>
</table><p/>
<small><i>(Hover the method name to see the test class name)</i></small><p/>
<table width='100%' border='1' class='invocation-failed'>
<tr><td colspan='4' align='center'><b>FAILED CONFIGURATIONS</b></td></tr>
<tr><td><b>Test method</b></td>
<td><b>Attribute(s)</b></td>
<td width="30%"><b>Exception</b></td>
<td width="10%"><b>Time (seconds)</b></td>
<td><b>Instance</b></td>
</tr>
<tr>
<td title='com.iplStatTest.testcases.SeasonFunctionTest.setup()'><b>setup</b><br>Test class: com.iplStatTest.testcases.SeasonFunctionTest</td>
<td><div><pre>org.openqa.selenium.SessionNotCreatedException: Could not start a new session. Response code 500. Message: session not created
from no such execution context: uniqueContextId not found
  (Session info: chrome=113.0.5672.127) 
Host info: host: &apos;DESKTOP-OQ0PQCA&apos;, ip: &apos;192.168.43.14&apos;
Build info: version: &apos;4.9.1&apos;, revision: &apos;eb2032df7f&apos;
System info: os.name: &apos;Windows 10&apos;, os.arch: &apos;amd64&apos;, os.version: &apos;10.0&apos;, java.version: &apos;16.0.2&apos;
Driver info: org.openqa.selenium.chrome.ChromeDriver
Command: [null, newSession {capabilities=[Capabilities {browserName: chrome, goog:chromeOptions: {args: [--remote-allow-origins=*], extensions: []}}]}]
	at org.openqa.selenium.remote.ProtocolHandshake.createSession(ProtocolHandshake.java:136)
	at org.openqa.selenium.remote.ProtocolHandshake.createSession(ProtocolHandshake.java:94)
	at org.openqa.selenium.remote.ProtocolHandshake.createSession(ProtocolHandshake.java:68)
	at org.openqa.selenium.remote.HttpCommandExecutor.execute(HttpCommandExecutor.java:165)
	at org.openqa.selenium.remote.service.DriverCommandExecutor.invokeExecute(DriverCommandExecutor.java:183)
	at org.openqa.selenium.remote.service.DriverCommandExecutor.execute(DriverCommandExecutor.java:158)
	at org.openqa.selenium.remote.RemoteWebDriver.execute(RemoteWebDriver.java:543)
	at org.openqa.selenium.remote.RemoteWebDriver.startSession(RemoteWebDriver.java:229)
	at org.openqa.selenium.remote.RemoteWebDriver.&lt;init&gt;(RemoteWebDriver.java:157)
	at org.openqa.selenium.chromium.ChromiumDriver.&lt;init&gt;(ChromiumDriver.java:101)
	at org.openqa.selenium.chrome.ChromeDriver.&lt;init&gt;(ChromeDriver.java:88)
	at org.openqa.selenium.chrome.ChromeDriver.&lt;init&gt;(ChromeDriver.java:84)
	at org.openqa.selenium.chrome.ChromeDriver.&lt;init&gt;(ChromeDriver.java:52)
	at com.base.BaseClass.initializeWebDriver(BaseClass.java:37)
	at com.iplStatTest.testcases.SeasonFunctionTest.setup(SeasonFunctionTest.java:24)
	at java.base/java.util.ArrayList.forEach(ArrayList.java:1511)
... Removed 31 stack frames</pre></div><a href='#' onClick='toggleBox("stack-trace1046044067", this, "Click to show all stack frames", "Click to hide stack frames")'>Click to show all stack frames</a>
<div class='stack-trace' id='stack-trace1046044067'><pre>org.openqa.selenium.SessionNotCreatedException: Could not start a new session. Response code 500. Message: session not created
from no such execution context: uniqueContextId not found
  (Session info: chrome=113.0.5672.127) 
Host info: host: &apos;DESKTOP-OQ0PQCA&apos;, ip: &apos;192.168.43.14&apos;
Build info: version: &apos;4.9.1&apos;, revision: &apos;eb2032df7f&apos;
System info: os.name: &apos;Windows 10&apos;, os.arch: &apos;amd64&apos;, os.version: &apos;10.0&apos;, java.version: &apos;16.0.2&apos;
Driver info: org.openqa.selenium.chrome.ChromeDriver
Command: [null, newSession {capabilities=[Capabilities {browserName: chrome, goog:chromeOptions: {args: [--remote-allow-origins=*], extensions: []}}]}]
	at org.openqa.selenium.remote.ProtocolHandshake.createSession(ProtocolHandshake.java:136)
	at org.openqa.selenium.remote.ProtocolHandshake.createSession(ProtocolHandshake.java:94)
	at org.openqa.selenium.remote.ProtocolHandshake.createSession(ProtocolHandshake.java:68)
	at org.openqa.selenium.remote.HttpCommandExecutor.execute(HttpCommandExecutor.java:165)
	at org.openqa.selenium.remote.service.DriverCommandExecutor.invokeExecute(DriverCommandExecutor.java:183)
	at org.openqa.selenium.remote.service.DriverCommandExecutor.execute(DriverCommandExecutor.java:158)
	at org.openqa.selenium.remote.RemoteWebDriver.execute(RemoteWebDriver.java:543)
	at org.openqa.selenium.remote.RemoteWebDriver.startSession(RemoteWebDriver.java:229)
	at org.openqa.selenium.remote.RemoteWebDriver.&lt;init&gt;(RemoteWebDriver.java:157)
	at org.openqa.selenium.chromium.ChromiumDriver.&lt;init&gt;(ChromiumDriver.java:101)
	at org.openqa.selenium.chrome.ChromeDriver.&lt;init&gt;(ChromeDriver.java:88)
	at org.openqa.selenium.chrome.ChromeDriver.&lt;init&gt;(ChromeDriver.java:84)
	at org.openqa.selenium.chrome.ChromeDriver.&lt;init&gt;(ChromeDriver.java:52)
	at com.base.BaseClass.initializeWebDriver(BaseClass.java:37)
	at com.iplStatTest.testcases.SeasonFunctionTest.setup(SeasonFunctionTest.java:24)
	at java.base/jdk.internal.reflect.NativeMethodAccessorImpl.invoke0(Native Method)
	at java.base/jdk.internal.reflect.NativeMethodAccessorImpl.invoke(NativeMethodAccessorImpl.java:78)
	at java.base/jdk.internal.reflect.DelegatingMethodAccessorImpl.invoke(DelegatingMethodAccessorImpl.java:43)
	at java.base/java.lang.reflect.Method.invoke(Method.java:567)
	at org.testng.internal.invokers.MethodInvocationHelper.invokeMethod(MethodInvocationHelper.java:139)
	at org.testng.internal.invokers.MethodInvocationHelper.invokeMethodConsideringTimeout(MethodInvocationHelper.java:69)
	at org.testng.internal.invokers.ConfigInvoker.invokeConfigurationMethod(ConfigInvoker.java:361)
	at org.testng.internal.invokers.ConfigInvoker.invokeConfigurations(ConfigInvoker.java:296)
	at org.testng.internal.invokers.TestInvoker.runConfigMethods(TestInvoker.java:816)
	at org.testng.internal.invokers.TestInvoker.invokeMethod(TestInvoker.java:590)
	at org.testng.internal.invokers.TestInvoker.invokeTestMethod(TestInvoker.java:221)
	at org.testng.internal.invokers.MethodRunner.runInSequence(MethodRunner.java:50)
	at org.testng.internal.invokers.TestInvoker$MethodInvocationAgent.invoke(TestInvoker.java:962)
	at org.testng.internal.invokers.TestInvoker.invokeTestMethods(TestInvoker.java:194)
	at org.testng.internal.invokers.TestMethodWorker.invokeTestMethods(TestMethodWorker.java:148)
	at org.testng.internal.invokers.TestMethodWorker.run(TestMethodWorker.java:128)
	at java.base/java.util.ArrayList.forEach(ArrayList.java:1511)
	at org.testng.TestRunner.privateRun(TestRunner.java:806)
	at org.testng.TestRunner.run(TestRunner.java:601)
	at org.testng.SuiteRunner.runTest(SuiteRunner.java:433)
	at org.testng.SuiteRunner.runSequentially(SuiteRunner.java:427)
	at org.testng.SuiteRunner.privateRun(SuiteRunner.java:387)
	at org.testng.SuiteRunner.run(SuiteRunner.java:330)
	at org.testng.SuiteRunnerWorker.runSuite(SuiteRunnerWorker.java:52)
	at org.testng.SuiteRunnerWorker.run(SuiteRunnerWorker.java:95)
	at org.testng.TestNG.runSuitesSequentially(TestNG.java:1256)
	at org.testng.TestNG.runSuitesLocally(TestNG.java:1176)
	at org.testng.TestNG.runSuites(TestNG.java:1099)
	at org.testng.TestNG.run(TestNG.java:1067)
	at org.testng.remote.AbstractRemoteTestNG.run(AbstractRemoteTestNG.java:115)
	at org.testng.remote.RemoteTestNG.initAndRun(RemoteTestNG.java:251)
	at org.testng.remote.RemoteTestNG.main(RemoteTestNG.java:77)
</pre></div></td>
<td>1</td>
<td>com.iplStatTest.testcases.SeasonFunctionTest@26fb628</td></tr>
</table><p>
<table width='100%' border='1' class='invocation-skipped'>
<tr><td colspan='4' align='center'><b>SKIPPED CONFIGURATIONS</b></td></tr>
<tr><td><b>Test method</b></td>
<td><b>Attribute(s)</b></td>
<td width="30%"><b>Exception</b></td>
<td width="10%"><b>Time (seconds)</b></td>
<td><b>Instance</b></td>
</tr>
<tr>
<td title='com.iplStatTest.testcases.SeasonFunctionTest.tearDown()'><b>tearDown</b><br>Test class: com.iplStatTest.testcases.SeasonFunctionTest</td>
<td></td>
<td>0</td>
<td>com.iplStatTest.testcases.SeasonFunctionTest@26fb628</td></tr>
</table><p>
<table width='100%' border='1' class='invocation-failed'>
<tr><td colspan='4' align='center'><b>FAILED TESTS</b></td></tr>
<tr><td><b>Test method</b></td>
<td><b>Attribute(s)</b></td>
<td width="30%"><b>Exception</b></td>
<td width="10%"><b>Time (seconds)</b></td>
<td><b>Instance</b></td>
</tr>
<tr>
<td title='com.iplStatTest.testcases.StatsFunctionTest.TC_SFF_009_MostCenturiesBtnTest()'><b>TC_SFF_009_MostCenturiesBtnTest</b><br>Test class: com.iplStatTest.testcases.StatsFunctionTest</td>
<td><div><pre>java.lang.AssertionError: expected [SHUBMAN GILL] but found [VIRAT KOHLI]
	at com.iplStatTest.testcases.StatsFunctionTest.TC_SFF_009_MostCenturiesBtnTest(StatsFunctionTest.java:95)
	at java.base/java.util.ArrayList.forEach(ArrayList.java:1511)
... Removed 33 stack frames</pre></div><a href='#' onClick='toggleBox("stack-trace638622177", this, "Click to show all stack frames", "Click to hide stack frames")'>Click to show all stack frames</a>
<div class='stack-trace' id='stack-trace638622177'><pre>java.lang.AssertionError: expected [SHUBMAN GILL] but found [VIRAT KOHLI]
	at org.testng.Assert.fail(Assert.java:110)
	at org.testng.Assert.failNotEquals(Assert.java:1413)
	at org.testng.Assert.assertEqualsImpl(Assert.java:149)
	at org.testng.Assert.assertEquals(Assert.java:131)
	at org.testng.Assert.assertEquals(Assert.java:655)
	at org.testng.Assert.assertEquals(Assert.java:665)
	at com.iplStatTest.testcases.StatsFunctionTest.TC_SFF_009_MostCenturiesBtnTest(StatsFunctionTest.java:95)
	at java.base/jdk.internal.reflect.NativeMethodAccessorImpl.invoke0(Native Method)
	at java.base/jdk.internal.reflect.NativeMethodAccessorImpl.invoke(NativeMethodAccessorImpl.java:78)
	at java.base/jdk.internal.reflect.DelegatingMethodAccessorImpl.invoke(DelegatingMethodAccessorImpl.java:43)
	at java.base/java.lang.reflect.Method.invoke(Method.java:567)
	at org.testng.internal.invokers.MethodInvocationHelper.invokeMethod(MethodInvocationHelper.java:139)
	at org.testng.internal.invokers.TestInvoker.invokeMethod(TestInvoker.java:677)
	at org.testng.internal.invokers.TestInvoker.invokeTestMethod(TestInvoker.java:221)
	at org.testng.internal.invokers.MethodRunner.runInSequence(MethodRunner.java:50)
	at org.testng.internal.invokers.TestInvoker$MethodInvocationAgent.invoke(TestInvoker.java:962)
	at org.testng.internal.invokers.TestInvoker.invokeTestMethods(TestInvoker.java:194)
	at org.testng.internal.invokers.TestMethodWorker.invokeTestMethods(TestMethodWorker.java:148)
	at org.testng.internal.invokers.TestMethodWorker.run(TestMethodWorker.java:128)
	at java.base/java.util.ArrayList.forEach(ArrayList.java:1511)
	at org.testng.TestRunner.privateRun(TestRunner.java:806)
	at org.testng.TestRunner.run(TestRunner.java:601)
	at org.testng.SuiteRunner.runTest(SuiteRunner.java:433)
	at org.testng.SuiteRunner.runSequentially(SuiteRunner.java:427)
	at org.testng.SuiteRunner.privateRun(SuiteRunner.java:387)
	at org.testng.SuiteRunner.run(SuiteRunner.java:330)
	at org.testng.SuiteRunnerWorker.runSuite(SuiteRunnerWorker.java:52)
	at org.testng.SuiteRunnerWorker.run(SuiteRunnerWorker.java:95)
	at org.testng.TestNG.runSuitesSequentially(TestNG.java:1256)
	at org.testng.TestNG.runSuitesLocally(TestNG.java:1176)
	at org.testng.TestNG.runSuites(TestNG.java:1099)
	at org.testng.TestNG.run(TestNG.java:1067)
	at org.testng.remote.AbstractRemoteTestNG.run(AbstractRemoteTestNG.java:115)
	at org.testng.remote.RemoteTestNG.initAndRun(RemoteTestNG.java:251)
	at org.testng.remote.RemoteTestNG.main(RemoteTestNG.java:77)
</pre></div></td>
<td>3</td>
<td>com.iplStatTest.testcases.StatsFunctionTest@3e2943ab</td></tr>
<tr>
<td title='com.iplStatTest.testcases.StatsFunctionTest.TC_SFF_022_MostBestBowlingEconomyInningsBtnTest()'><b>TC_SFF_022_MostBestBowlingEconomyInningsBtnTest</b><br>Test class: com.iplStatTest.testcases.StatsFunctionTest</td>
<td><div><pre>java.lang.AssertionError: expected [BHUVNESHWAR KUMAR] but found [MOHAMMAD SHAMI]
	at com.iplStatTest.testcases.StatsFunctionTest.TC_SFF_022_MostBestBowlingEconomyInningsBtnTest(StatsFunctionTest.java:213)
	at java.base/java.util.ArrayList.forEach(ArrayList.java:1511)
... Removed 33 stack frames</pre></div><a href='#' onClick='toggleBox("stack-trace1069614557", this, "Click to show all stack frames", "Click to hide stack frames")'>Click to show all stack frames</a>
<div class='stack-trace' id='stack-trace1069614557'><pre>java.lang.AssertionError: expected [BHUVNESHWAR KUMAR] but found [MOHAMMAD SHAMI]
	at org.testng.Assert.fail(Assert.java:110)
	at org.testng.Assert.failNotEquals(Assert.java:1413)
	at org.testng.Assert.assertEqualsImpl(Assert.java:149)
	at org.testng.Assert.assertEquals(Assert.java:131)
	at org.testng.Assert.assertEquals(Assert.java:655)
	at org.testng.Assert.assertEquals(Assert.java:665)
	at com.iplStatTest.testcases.StatsFunctionTest.TC_SFF_022_MostBestBowlingEconomyInningsBtnTest(StatsFunctionTest.java:213)
	at java.base/jdk.internal.reflect.NativeMethodAccessorImpl.invoke0(Native Method)
	at java.base/jdk.internal.reflect.NativeMethodAccessorImpl.invoke(NativeMethodAccessorImpl.java:78)
	at java.base/jdk.internal.reflect.DelegatingMethodAccessorImpl.invoke(DelegatingMethodAccessorImpl.java:43)
	at java.base/java.lang.reflect.Method.invoke(Method.java:567)
	at org.testng.internal.invokers.MethodInvocationHelper.invokeMethod(MethodInvocationHelper.java:139)
	at org.testng.internal.invokers.TestInvoker.invokeMethod(TestInvoker.java:677)
	at org.testng.internal.invokers.TestInvoker.invokeTestMethod(TestInvoker.java:221)
	at org.testng.internal.invokers.MethodRunner.runInSequence(MethodRunner.java:50)
	at org.testng.internal.invokers.TestInvoker$MethodInvocationAgent.invoke(TestInvoker.java:962)
	at org.testng.internal.invokers.TestInvoker.invokeTestMethods(TestInvoker.java:194)
	at org.testng.internal.invokers.TestMethodWorker.invokeTestMethods(TestMethodWorker.java:148)
	at org.testng.internal.invokers.TestMethodWorker.run(TestMethodWorker.java:128)
	at java.base/java.util.ArrayList.forEach(ArrayList.java:1511)
	at org.testng.TestRunner.privateRun(TestRunner.java:806)
	at org.testng.TestRunner.run(TestRunner.java:601)
	at org.testng.SuiteRunner.runTest(SuiteRunner.java:433)
	at org.testng.SuiteRunner.runSequentially(SuiteRunner.java:427)
	at org.testng.SuiteRunner.privateRun(SuiteRunner.java:387)
	at org.testng.SuiteRunner.run(SuiteRunner.java:330)
	at org.testng.SuiteRunnerWorker.runSuite(SuiteRunnerWorker.java:52)
	at org.testng.SuiteRunnerWorker.run(SuiteRunnerWorker.java:95)
	at org.testng.TestNG.runSuitesSequentially(TestNG.java:1256)
	at org.testng.TestNG.runSuitesLocally(TestNG.java:1176)
	at org.testng.TestNG.runSuites(TestNG.java:1099)
	at org.testng.TestNG.run(TestNG.java:1067)
	at org.testng.remote.AbstractRemoteTestNG.run(AbstractRemoteTestNG.java:115)
	at org.testng.remote.RemoteTestNG.initAndRun(RemoteTestNG.java:251)
	at org.testng.remote.RemoteTestNG.main(RemoteTestNG.java:77)
</pre></div></td>
<td>3</td>
<td>com.iplStatTest.testcases.StatsFunctionTest@3e2943ab</td></tr>
</table><p>
<table width='100%' border='1' class='invocation-passed'>
<tr><td colspan='4' align='center'><b>PASSED TESTS</b></td></tr>
<tr><td><b>Test method</b></td>
<td><b>Attribute(s)</b></td>
<td width="30%"><b>Exception</b></td>
<td width="10%"><b>Time (seconds)</b></td>
<td><b>Instance</b></td>
</tr>
<tr>
<td title='com.iplStatTest.testcases.SeasonFunctionTest.TC_SF_008_S16()'><b>TC_SF_008_S16</b><br>Test class: com.iplStatTest.testcases.SeasonFunctionTest</td>
<td></td>
<td>3</td>
<td>com.iplStatTest.testcases.SeasonFunctionTest@26fb628</td></tr>
<tr>
<td title='com.iplStatTest.testcases.StatsFunctionTest.TC_SFF_021_MostBestBowlingEconomyBtnTest()'><b>TC_SFF_021_MostBestBowlingEconomyBtnTest</b><br>Test class: com.iplStatTest.testcases.StatsFunctionTest</td>
<td></td>
<td>3</td>
<td>com.iplStatTest.testcases.StatsFunctionTest@3e2943ab</td></tr>
<tr>
<td title='com.iplStatTest.testcases.SeasonFunctionTest.TC_SF_007_S17()'><b>TC_SF_007_S17</b><br>Test class: com.iplStatTest.testcases.SeasonFunctionTest</td>
<td></td>
<td>3</td>
<td>com.iplStatTest.testcases.SeasonFunctionTest@26fb628</td></tr>
<tr>
<td title='com.iplStatTest.testcases.StatsFunctionTest.TC_SFF_015_BestBattingAverageBtnTest()'><b>TC_SFF_015_BestBattingAverageBtnTest</b><br>Test class: com.iplStatTest.testcases.StatsFunctionTest</td>
<td></td>
<td>3</td>
<td>com.iplStatTest.testcases.StatsFunctionTest@3e2943ab</td></tr>
<tr>
<td title='com.iplStatTest.testcases.StatsFunctionTest.TC_SFF_017_MostMaidensBtnTest()'><b>TC_SFF_017_MostMaidensBtnTest</b><br>Test class: com.iplStatTest.testcases.StatsFunctionTest</td>
<td></td>
<td>3</td>
<td>com.iplStatTest.testcases.StatsFunctionTest@3e2943ab</td></tr>
<tr>
<td title='com.iplStatTest.testcases.StatsFunctionTest.TC_SFF_027_HatTricksBtnTest()'><b>TC_SFF_027_HatTricksBtnTest</b><br>Test class: com.iplStatTest.testcases.StatsFunctionTest</td>
<td></td>
<td>3</td>
<td>com.iplStatTest.testcases.StatsFunctionTest@3e2943ab</td></tr>
<tr>
<td title='com.iplStatTest.testcases.SeasonFunctionTest.TC_SF_010_S14()'><b>TC_SF_010_S14</b><br>Test class: com.iplStatTest.testcases.SeasonFunctionTest</td>
<td></td>
<td>3</td>
<td>com.iplStatTest.testcases.SeasonFunctionTest@26fb628</td></tr>
<tr>
<td title='com.iplStatTest.testcases.SeasonFunctionTest.TC_SF_012_S12()'><b>TC_SF_012_S12</b><br>Test class: com.iplStatTest.testcases.SeasonFunctionTest</td>
<td></td>
<td>3</td>
<td>com.iplStatTest.testcases.SeasonFunctionTest@26fb628</td></tr>
<tr>
<td title='com.iplStatTest.testcases.SeasonFunctionTest.TC_SF_003_S21()'><b>TC_SF_003_S21</b><br>Test class: com.iplStatTest.testcases.SeasonFunctionTest</td>
<td></td>
<td>3</td>
<td>com.iplStatTest.testcases.SeasonFunctionTest@26fb628</td></tr>
<tr>
<td title='com.iplStatTest.testcases.StatsFunctionTest.TC_SFF_020_MostBestBowlingAverageBtnTest()'><b>TC_SFF_020_MostBestBowlingAverageBtnTest</b><br>Test class: com.iplStatTest.testcases.StatsFunctionTest</td>
<td></td>
<td>3</td>
<td>com.iplStatTest.testcases.StatsFunctionTest@3e2943ab</td></tr>
<tr>
<td title='com.iplStatTest.testcases.RecordTabTest.TC_RT_001_StatPage()'><b>TC_RT_001_StatPage</b><br>Test class: com.iplStatTest.testcases.RecordTabTest</td>
<td></td>
<td>0</td>
<td>com.iplStatTest.testcases.RecordTabTest@52b56a3e</td></tr>
<tr>
<td title='com.iplStatTest.testcases.StatsFunctionTest.TC_SFF_007_MostSixesInningsBtnTest()'><b>TC_SFF_007_MostSixesInningsBtnTest</b><br>Test class: com.iplStatTest.testcases.StatsFunctionTest</td>
<td></td>
<td>3</td>
<td>com.iplStatTest.testcases.StatsFunctionTest@3e2943ab</td></tr>
<tr>
<td title='com.iplStatTest.testcases.StatsFunctionTest.TC_SFF_012_HighestScoresBtnTest()'><b>TC_SFF_012_HighestScoresBtnTest</b><br>Test class: com.iplStatTest.testcases.StatsFunctionTest</td>
<td></td>
<td>3</td>
<td>com.iplStatTest.testcases.StatsFunctionTest@3e2943ab</td></tr>
<tr>
<td title='com.iplStatTest.testcases.StatsFunctionTest.TC_SFF_016_PurpleCapBtnTest()'><b>TC_SFF_016_PurpleCapBtnTest</b><br>Test class: com.iplStatTest.testcases.StatsFunctionTest</td>
<td></td>
<td>3</td>
<td>com.iplStatTest.testcases.StatsFunctionTest@3e2943ab</td></tr>
<tr>
<td title='com.iplStatTest.testcases.StatsFunctionTest.TC_SFF_025_MostBestBowlingFiguresBtnTest()'><b>TC_SFF_025_MostBestBowlingFiguresBtnTest</b><br>Test class: com.iplStatTest.testcases.StatsFunctionTest</td>
<td></td>
<td>3</td>
<td>com.iplStatTest.testcases.StatsFunctionTest@3e2943ab</td></tr>
<tr>
<td title='com.iplStatTest.testcases.StatsFunctionTest.TC_SFF_024_MostBestBowlingStrikeRateInningsBtnTest()'><b>TC_SFF_024_MostBestBowlingStrikeRateInningsBtnTest</b><br>Test class: com.iplStatTest.testcases.StatsFunctionTest</td>
<td></td>
<td>3</td>
<td>com.iplStatTest.testcases.StatsFunctionTest@3e2943ab</td></tr>
<tr>
<td title='com.iplStatTest.testcases.SeasonFunctionTest.TC_SF_005_S19()'><b>TC_SF_005_S19</b><br>Test class: com.iplStatTest.testcases.SeasonFunctionTest</td>
<td></td>
<td>4</td>
<td>com.iplStatTest.testcases.SeasonFunctionTest@26fb628</td></tr>
<tr>
<td title='com.iplStatTest.testcases.RecordTabTest.TC_RT_002_AwardPage()'><b>TC_RT_002_AwardPage</b><br>Test class: com.iplStatTest.testcases.RecordTabTest</td>
<td></td>
<td>1</td>
<td>com.iplStatTest.testcases.RecordTabTest@52b56a3e</td></tr>
<tr>
<td title='com.iplStatTest.testcases.SeasonFunctionTest.TC_SF_009_S15()'><b>TC_SF_009_S15</b><br>Test class: com.iplStatTest.testcases.SeasonFunctionTest</td>
<td></td>
<td>3</td>
<td>com.iplStatTest.testcases.SeasonFunctionTest@26fb628</td></tr>
<tr>
<td title='com.iplStatTest.testcases.StatsFunctionTest.TC_SFF_008_MostFiftiesBtnTest()'><b>TC_SFF_008_MostFiftiesBtnTest</b><br>Test class: com.iplStatTest.testcases.StatsFunctionTest</td>
<td></td>
<td>3</td>
<td>com.iplStatTest.testcases.StatsFunctionTest@3e2943ab</td></tr>
<tr>
<td title='com.iplStatTest.testcases.StatsFunctionTest.TC_SFF_018_MostDotBallsBtnTest()'><b>TC_SFF_018_MostDotBallsBtnTest</b><br>Test class: com.iplStatTest.testcases.StatsFunctionTest</td>
<td></td>
<td>3</td>
<td>com.iplStatTest.testcases.StatsFunctionTest@3e2943ab</td></tr>
<tr>
<td title='com.iplStatTest.testcases.SeasonFunctionTest.TC_SF_001_S23()'><b>TC_SF_001_S23</b><br>Test class: com.iplStatTest.testcases.SeasonFunctionTest</td>
<td></td>
<td>1</td>
<td>com.iplStatTest.testcases.SeasonFunctionTest@26fb628</td></tr>
<tr>
<td title='com.iplStatTest.testcases.StatsFunctionTest.TC_SFF_003_OrangeCapBtnTest()'><b>TC_SFF_003_OrangeCapBtnTest</b><br>Test class: com.iplStatTest.testcases.StatsFunctionTest</td>
<td></td>
<td>3</td>
<td>com.iplStatTest.testcases.StatsFunctionTest@3e2943ab</td></tr>
<tr>
<td title='com.iplStatTest.testcases.SeasonFunctionTest.TC_SF_011_S13()'><b>TC_SF_011_S13</b><br>Test class: com.iplStatTest.testcases.SeasonFunctionTest</td>
<td></td>
<td>3</td>
<td>com.iplStatTest.testcases.SeasonFunctionTest@26fb628</td></tr>
<tr>
<td title='com.iplStatTest.testcases.SeasonFunctionTest.TC_SF_002_S22()'><b>TC_SF_002_S22</b><br>Test class: com.iplStatTest.testcases.SeasonFunctionTest</td>
<td></td>
<td>3</td>
<td>com.iplStatTest.testcases.SeasonFunctionTest@26fb628</td></tr>
<tr>
<td title='com.iplStatTest.testcases.StatsFunctionTest.TC_SFF_011_FastestCenturiesBtnTest()'><b>TC_SFF_011_FastestCenturiesBtnTest</b><br>Test class: com.iplStatTest.testcases.StatsFunctionTest</td>
<td></td>
<td>3</td>
<td>com.iplStatTest.testcases.StatsFunctionTest@3e2943ab</td></tr>
<tr>
<td title='com.iplStatTest.testcases.SeasonFunctionTest.TC_SF_015_S09()'><b>TC_SF_015_S09</b><br>Test class: com.iplStatTest.testcases.SeasonFunctionTest</td>
<td></td>
<td>3</td>
<td>com.iplStatTest.testcases.SeasonFunctionTest@26fb628</td></tr>
<tr>
<td title='com.iplStatTest.testcases.StatsFunctionTest.TC_SFF_004_MostFoursBtnTest()'><b>TC_SFF_004_MostFoursBtnTest</b><br>Test class: com.iplStatTest.testcases.StatsFunctionTest</td>
<td></td>
<td>3</td>
<td>com.iplStatTest.testcases.StatsFunctionTest@3e2943ab</td></tr>
<tr>
<td title='com.iplStatTest.testcases.SeasonFunctionTest.TC_SF_014_S10()'><b>TC_SF_014_S10</b><br>Test class: com.iplStatTest.testcases.SeasonFunctionTest</td>
<td></td>
<td>3</td>
<td>com.iplStatTest.testcases.SeasonFunctionTest@26fb628</td></tr>
<tr>
<td title='com.iplStatTest.testcases.SeasonFunctionTest.TC_SF_004_S20()'><b>TC_SF_004_S20</b><br>Test class: com.iplStatTest.testcases.SeasonFunctionTest</td>
<td></td>
<td>3</td>
<td>com.iplStatTest.testcases.SeasonFunctionTest@26fb628</td></tr>
<tr>
<td title='com.iplStatTest.testcases.SeasonFunctionTest.TC_SF_006_S18()'><b>TC_SF_006_S18</b><br>Test class: com.iplStatTest.testcases.SeasonFunctionTest</td>
<td></td>
<td>3</td>
<td>com.iplStatTest.testcases.SeasonFunctionTest@26fb628</td></tr>
<tr>
<td title='com.iplStatTest.testcases.StatsFunctionTest.TC_SFF_013_BestBattingSRBtnTest()'><b>TC_SFF_013_BestBattingSRBtnTest</b><br>Test class: com.iplStatTest.testcases.StatsFunctionTest</td>
<td></td>
<td>3</td>
<td>com.iplStatTest.testcases.StatsFunctionTest@3e2943ab</td></tr>
<tr>
<td title='com.iplStatTest.testcases.RecordTabTest.TC_RT_003_RecordsPage()'><b>TC_RT_003_RecordsPage</b><br>Test class: com.iplStatTest.testcases.RecordTabTest</td>
<td></td>
<td>1</td>
<td>com.iplStatTest.testcases.RecordTabTest@52b56a3e</td></tr>
<tr>
<td title='com.iplStatTest.testcases.StatsFunctionTest.TC_SFF_014_BestBattingSRInningsBtnTest()'><b>TC_SFF_014_BestBattingSRInningsBtnTest</b><br>Test class: com.iplStatTest.testcases.StatsFunctionTest</td>
<td></td>
<td>3</td>
<td>com.iplStatTest.testcases.StatsFunctionTest@3e2943ab</td></tr>
<tr>
<td title='com.iplStatTest.testcases.StatsFunctionTest.TC_SFF_023_MostBestBowlingStrikeRateBtnTest()'><b>TC_SFF_023_MostBestBowlingStrikeRateBtnTest</b><br>Test class: com.iplStatTest.testcases.StatsFunctionTest</td>
<td></td>
<td>3</td>
<td>com.iplStatTest.testcases.StatsFunctionTest@3e2943ab</td></tr>
<tr>
<td title='com.iplStatTest.testcases.StatsFunctionTest.TC_SFF_005_MostFoursInningsBtnTest()'><b>TC_SFF_005_MostFoursInningsBtnTest</b><br>Test class: com.iplStatTest.testcases.StatsFunctionTest</td>
<td></td>
<td>3</td>
<td>com.iplStatTest.testcases.StatsFunctionTest@3e2943ab</td></tr>
<tr>
<td title='com.iplStatTest.testcases.StatsFunctionTest.TC_SFF_006_MostSixesBtnTest()'><b>TC_SFF_006_MostSixesBtnTest</b><br>Test class: com.iplStatTest.testcases.StatsFunctionTest</td>
<td></td>
<td>3</td>
<td>com.iplStatTest.testcases.StatsFunctionTest@3e2943ab</td></tr>
<tr>
<td title='com.iplStatTest.testcases.SeasonFunctionTest.TC_SF_013_S11()'><b>TC_SF_013_S11</b><br>Test class: com.iplStatTest.testcases.SeasonFunctionTest</td>
<td></td>
<td>3</td>
<td>com.iplStatTest.testcases.SeasonFunctionTest@26fb628</td></tr>
<tr>
<td title='com.iplStatTest.testcases.StatsFunctionTest.TC_SFF_010_FastestFiftiesBtnTest()'><b>TC_SFF_010_FastestFiftiesBtnTest</b><br>Test class: com.iplStatTest.testcases.StatsFunctionTest</td>
<td></td>
<td>3</td>
<td>com.iplStatTest.testcases.StatsFunctionTest@3e2943ab</td></tr>
<tr>
<td title='com.iplStatTest.testcases.StatsFunctionTest.TC_SFF_026_MostRunsConcededBtnTest()'><b>TC_SFF_026_MostRunsConcededBtnTest</b><br>Test class: com.iplStatTest.testcases.StatsFunctionTest</td>
<td></td>
<td>3</td>
<td>com.iplStatTest.testcases.StatsFunctionTest@3e2943ab</td></tr>
<tr>
<td title='com.iplStatTest.testcases.StatsFunctionTest.TC_SFF_019_MostDotBallsInningsBtnTest()'><b>TC_SFF_019_MostDotBallsInningsBtnTest</b><br>Test class: com.iplStatTest.testcases.StatsFunctionTest</td>
<td></td>
<td>3</td>
<td>com.iplStatTest.testcases.StatsFunctionTest@3e2943ab</td></tr>
</table><p>
<table width='100%' border='1' class='invocation-skipped'>
<tr><td colspan='4' align='center'><b>SKIPPED TESTS</b></td></tr>
<tr><td><b>Test method</b></td>
<td><b>Attribute(s)</b></td>
<td width="30%"><b>Exception</b></td>
<td width="10%"><b>Time (seconds)</b></td>
<td><b>Instance</b></td>
</tr>
<tr>
<td title='com.iplStatTest.testcases.SeasonFunctionTest.TC_SF_016_S08()'><b>TC_SF_016_S08</b><br>Test class: com.iplStatTest.testcases.SeasonFunctionTest</td>
<td><div><pre>org.openqa.selenium.SessionNotCreatedException: Could not start a new session. Response code 500. Message: session not created
from no such execution context: uniqueContextId not found
  (Session info: chrome=113.0.5672.127) 
Host info: host: &apos;DESKTOP-OQ0PQCA&apos;, ip: &apos;192.168.43.14&apos;
Build info: version: &apos;4.9.1&apos;, revision: &apos;eb2032df7f&apos;
System info: os.name: &apos;Windows 10&apos;, os.arch: &apos;amd64&apos;, os.version: &apos;10.0&apos;, java.version: &apos;16.0.2&apos;
Driver info: org.openqa.selenium.chrome.ChromeDriver
Command: [null, newSession {capabilities=[Capabilities {browserName: chrome, goog:chromeOptions: {args: [--remote-allow-origins=*], extensions: []}}]}]
	at org.openqa.selenium.remote.ProtocolHandshake.createSession(ProtocolHandshake.java:136)
	at org.openqa.selenium.remote.ProtocolHandshake.createSession(ProtocolHandshake.java:94)
	at org.openqa.selenium.remote.ProtocolHandshake.createSession(ProtocolHandshake.java:68)
	at org.openqa.selenium.remote.HttpCommandExecutor.execute(HttpCommandExecutor.java:165)
	at org.openqa.selenium.remote.service.DriverCommandExecutor.invokeExecute(DriverCommandExecutor.java:183)
	at org.openqa.selenium.remote.service.DriverCommandExecutor.execute(DriverCommandExecutor.java:158)
	at org.openqa.selenium.remote.RemoteWebDriver.execute(RemoteWebDriver.java:543)
	at org.openqa.selenium.remote.RemoteWebDriver.startSession(RemoteWebDriver.java:229)
	at org.openqa.selenium.remote.RemoteWebDriver.&lt;init&gt;(RemoteWebDriver.java:157)
	at org.openqa.selenium.chromium.ChromiumDriver.&lt;init&gt;(ChromiumDriver.java:101)
	at org.openqa.selenium.chrome.ChromeDriver.&lt;init&gt;(ChromeDriver.java:88)
	at org.openqa.selenium.chrome.ChromeDriver.&lt;init&gt;(ChromeDriver.java:84)
	at org.openqa.selenium.chrome.ChromeDriver.&lt;init&gt;(ChromeDriver.java:52)
	at com.base.BaseClass.initializeWebDriver(BaseClass.java:37)
	at com.iplStatTest.testcases.SeasonFunctionTest.setup(SeasonFunctionTest.java:24)
	at java.base/java.util.ArrayList.forEach(ArrayList.java:1511)
... Removed 31 stack frames</pre></div><a href='#' onClick='toggleBox("stack-trace625284072", this, "Click to show all stack frames", "Click to hide stack frames")'>Click to show all stack frames</a>
<div class='stack-trace' id='stack-trace625284072'><pre>org.openqa.selenium.SessionNotCreatedException: Could not start a new session. Response code 500. Message: session not created
from no such execution context: uniqueContextId not found
  (Session info: chrome=113.0.5672.127) 
Host info: host: &apos;DESKTOP-OQ0PQCA&apos;, ip: &apos;192.168.43.14&apos;
Build info: version: &apos;4.9.1&apos;, revision: &apos;eb2032df7f&apos;
System info: os.name: &apos;Windows 10&apos;, os.arch: &apos;amd64&apos;, os.version: &apos;10.0&apos;, java.version: &apos;16.0.2&apos;
Driver info: org.openqa.selenium.chrome.ChromeDriver
Command: [null, newSession {capabilities=[Capabilities {browserName: chrome, goog:chromeOptions: {args: [--remote-allow-origins=*], extensions: []}}]}]
	at org.openqa.selenium.remote.ProtocolHandshake.createSession(ProtocolHandshake.java:136)
	at org.openqa.selenium.remote.ProtocolHandshake.createSession(ProtocolHandshake.java:94)
	at org.openqa.selenium.remote.ProtocolHandshake.createSession(ProtocolHandshake.java:68)
	at org.openqa.selenium.remote.HttpCommandExecutor.execute(HttpCommandExecutor.java:165)
	at org.openqa.selenium.remote.service.DriverCommandExecutor.invokeExecute(DriverCommandExecutor.java:183)
	at org.openqa.selenium.remote.service.DriverCommandExecutor.execute(DriverCommandExecutor.java:158)
	at org.openqa.selenium.remote.RemoteWebDriver.execute(RemoteWebDriver.java:543)
	at org.openqa.selenium.remote.RemoteWebDriver.startSession(RemoteWebDriver.java:229)
	at org.openqa.selenium.remote.RemoteWebDriver.&lt;init&gt;(RemoteWebDriver.java:157)
	at org.openqa.selenium.chromium.ChromiumDriver.&lt;init&gt;(ChromiumDriver.java:101)
	at org.openqa.selenium.chrome.ChromeDriver.&lt;init&gt;(ChromeDriver.java:88)
	at org.openqa.selenium.chrome.ChromeDriver.&lt;init&gt;(ChromeDriver.java:84)
	at org.openqa.selenium.chrome.ChromeDriver.&lt;init&gt;(ChromeDriver.java:52)
	at com.base.BaseClass.initializeWebDriver(BaseClass.java:37)
	at com.iplStatTest.testcases.SeasonFunctionTest.setup(SeasonFunctionTest.java:24)
	at java.base/jdk.internal.reflect.NativeMethodAccessorImpl.invoke0(Native Method)
	at java.base/jdk.internal.reflect.NativeMethodAccessorImpl.invoke(NativeMethodAccessorImpl.java:78)
	at java.base/jdk.internal.reflect.DelegatingMethodAccessorImpl.invoke(DelegatingMethodAccessorImpl.java:43)
	at java.base/java.lang.reflect.Method.invoke(Method.java:567)
	at org.testng.internal.invokers.MethodInvocationHelper.invokeMethod(MethodInvocationHelper.java:139)
	at org.testng.internal.invokers.MethodInvocationHelper.invokeMethodConsideringTimeout(MethodInvocationHelper.java:69)
	at org.testng.internal.invokers.ConfigInvoker.invokeConfigurationMethod(ConfigInvoker.java:361)
	at org.testng.internal.invokers.ConfigInvoker.invokeConfigurations(ConfigInvoker.java:296)
	at org.testng.internal.invokers.TestInvoker.runConfigMethods(TestInvoker.java:816)
	at org.testng.internal.invokers.TestInvoker.invokeMethod(TestInvoker.java:590)
	at org.testng.internal.invokers.TestInvoker.invokeTestMethod(TestInvoker.java:221)
	at org.testng.internal.invokers.MethodRunner.runInSequence(MethodRunner.java:50)
	at org.testng.internal.invokers.TestInvoker$MethodInvocationAgent.invoke(TestInvoker.java:962)
	at org.testng.internal.invokers.TestInvoker.invokeTestMethods(TestInvoker.java:194)
	at org.testng.internal.invokers.TestMethodWorker.invokeTestMethods(TestMethodWorker.java:148)
	at org.testng.internal.invokers.TestMethodWorker.run(TestMethodWorker.java:128)
	at java.base/java.util.ArrayList.forEach(ArrayList.java:1511)
	at org.testng.TestRunner.privateRun(TestRunner.java:806)
	at org.testng.TestRunner.run(TestRunner.java:601)
	at org.testng.SuiteRunner.runTest(SuiteRunner.java:433)
	at org.testng.SuiteRunner.runSequentially(SuiteRunner.java:427)
	at org.testng.SuiteRunner.privateRun(SuiteRunner.java:387)
	at org.testng.SuiteRunner.run(SuiteRunner.java:330)
	at org.testng.SuiteRunnerWorker.runSuite(SuiteRunnerWorker.java:52)
	at org.testng.SuiteRunnerWorker.run(SuiteRunnerWorker.java:95)
	at org.testng.TestNG.runSuitesSequentially(TestNG.java:1256)
	at org.testng.TestNG.runSuitesLocally(TestNG.java:1176)
	at org.testng.TestNG.runSuites(TestNG.java:1099)
	at org.testng.TestNG.run(TestNG.java:1067)
	at org.testng.remote.AbstractRemoteTestNG.run(AbstractRemoteTestNG.java:115)
	at org.testng.remote.RemoteTestNG.initAndRun(RemoteTestNG.java:251)
	at org.testng.remote.RemoteTestNG.main(RemoteTestNG.java:77)
</pre></div></td>
<td>0</td>
<td>com.iplStatTest.testcases.SeasonFunctionTest@26fb628</td></tr>
</table><p>
</body>
</html>